#
# A fatal error has been detected by the Java Runtime Environment:
#
#  EXCEPTION_ACCESS_VIOLATION (0xc0000005) at pc=0x000000006427925b, pid=692, tid=7616
#
# JRE version: Java(TM) SE Runtime Environment (7.0_65-b19) (build 1.7.0_65-b19)
# Java VM: Java HotSpot(TM) 64-Bit Server VM (24.65-b04 mixed mode windows-amd64 compressed oops)
# Problematic frame:
# V  [jvm.dll+0x2a925b]
#
# Failed to write core dump. Minidumps are not enabled by default on client versions of Windows
#
# If you would like to submit a bug report, please visit:
#   http://bugreport.sun.com/bugreport/crash.jsp
#

---------------  T H R E A D  ---------------

Current thread (0x000000000bfd3000):  JavaThread "FileSystemWatcher: files=#25 cl=groovy.lang.GroovyClassLoader@14c8afd" daemon [_thread_in_vm, id=7616, stack(0x0000000014be0000,0x0000000014ce0000)]

siginfo: ExceptionCode=0xc0000005, reading address 0x0000000000000009

Registers:
RAX=0x0000000002ef0600, RBX=0x0000000014cdc170, RCX=0x0000000014cdc170, RDX=0x0000000002e0b860
RSP=0x0000000014cdc020, RBP=0x0000000014cdc150, RSI=0x0000000000000001, RDI=0x00000000c40619b0
R8 =0x0000000000000001, R9 =0x0000000000000001, R10=0x000000000000021c, R11=0x0000000014cdc010
R12=0x0000000000000000, R13=0x0000000013ee9790, R14=0x0000000000000000, R15=0x000000000d642cb0
RIP=0x000000006427925b, EFLAGS=0x0000000000010246

Top of Stack: (sp=0x0000000014cdc020)
0x0000000014cdc020:   0000000000000037 0000000014cdc150
0x0000000014cdc030:   0000000002f0d99f 000000000bfd3000
0x0000000014cdc040:   0000000000000000 0000000064029e3d
0x0000000014cdc050:   0000000000000037 0000000014cdc150
0x0000000014cdc060:   000000000bfd3000 00000000c40619b0
0x0000000014cdc070:   0000000d14cd0101 0000040064278e01
0x0000000014cdc080:   0000000014cdf210 0000000000000001
0x0000000014cdc090:   0000000000000000 0000000000000000
0x0000000014cdc0a0:   0000000000000001 0000000014cdf210
0x0000000014cdc0b0:   00000000000003d8 000000000d642cc0
0x0000000014cdc0c0:   000000000bfd3000 0000000003387530
0x0000000014cdc0d0:   00000000000000da 00000000033864d0
0x0000000014cdc0e0:   0000000000000000 00000000033864d0
0x0000000014cdc0f0:   000000000d643098 0073007200650073
0x0000000014cdc100:   000000000d6426a0 00000000f0b249c0
0x0000000014cdc110:   00000000f0b249e0 00000000f0b24a70 

Instructions: (pc=0x000000006427925b)
0x000000006427923b:   c3 48 83 79 10 00 74 11 48 8b d3 e8 25 fb ff ff
0x000000006427924b:   48 8b c3 48 83 c4 20 5b c3 4c 8b 41 20 48 8b cb
0x000000006427925b:   4d 8b 48 08 49 8d 50 10 4d 8b 00 e8 85 b6 d6 ff
0x000000006427926b:   48 8b c3 48 83 c4 20 5b c3 cc cc cc cc cc cc cc 


Register to memory mapping:

RAX=0x0000000002ef0600 is at begin+153 in a stub
StubRoutines::call_stub [0x0000000002ef0567, 0x0000000002ef06cb[ (356 bytes)
RBX=0x0000000014cdc170 is pointing into the stack for thread: 0x000000000bfd3000
RCX=0x0000000014cdc170 is pointing into the stack for thread: 0x000000000bfd3000
RDX=0x0000000002e0b860 is an unknown value
RSP=0x0000000014cdc020 is pointing into the stack for thread: 0x000000000bfd3000
RBP=0x0000000014cdc150 is pointing into the stack for thread: 0x000000000bfd3000
RSI=0x0000000000000001 is an unknown value
RDI=0x00000000c40619b0 is an oop
{method} 
 - klass: {other class}
R8 =0x0000000000000001 is an unknown value
R9 =0x0000000000000001 is an unknown value
R10=0x000000000000021c is an unknown value
R11=0x0000000014cdc010 is pointing into the stack for thread: 0x000000000bfd3000
R12=0x0000000000000000 is an unknown value
R13=0x0000000013ee9790 is an unknown value
R14=0x0000000000000000 is an unknown value
R15=0x000000000d642cb0 is an unknown value


Stack: [0x0000000014be0000,0x0000000014ce0000],  sp=0x0000000014cdc020,  free space=1008k
Native frames: (J=compiled Java code, j=interpreted, Vv=VM code, C=native code)
V  [jvm.dll+0x2a925b]

Java frames: (J=compiled Java code, j=interpreted, Vv=VM code)
J 294  java.lang.Throwable.fillInStackTrace(I)Ljava/lang/Throwable; (0 bytes) @ 0x0000000002fb67db [0x0000000002fb67a0+0x3b]
J 1199 C2 java.lang.ClassNotFoundException.<init>(Ljava/lang/String;)V (7 bytes) @ 0x000000000334f708 [0x000000000334f660+0xa8]
J 1628 C2 java.net.URLClassLoader$1.run()Ljava/lang/Object; (5 bytes) @ 0x0000000003580fe8 [0x0000000003580b20+0x4c8]
v  ~StubRoutines::call_stub
J 1208  java.security.AccessController.doPrivileged(Ljava/security/PrivilegedExceptionAction;Ljava/security/AccessControlContext;)Ljava/lang/Object; (0 bytes) @ 0x000000000341abc6 [0x000000000341ab60+0x66]
J 1649 C2 org.codehaus.groovy.tools.RootLoader.loadClass(Ljava/lang/String;Z)Ljava/lang/Class; (65 bytes) @ 0x000000000335f4d8 [0x000000000335f160+0x378]
J 1975 C2 org.codehaus.groovy.grails.cli.support.GrailsRootLoader.loadClass(Ljava/lang/String;Z)Ljava/lang/Class; (74 bytes) @ 0x000000000371e394 [0x000000000371df20+0x474]
J 1645 C2 java.lang.ClassLoader.loadClass(Ljava/lang/String;Z)Ljava/lang/Class; (122 bytes) @ 0x00000000033868dc [0x00000000033866c0+0x21c]
j  groovy.lang.GroovyClassLoader.loadClass(Ljava/lang/String;ZZZ)Ljava/lang/Class;+30
j  groovy.lang.GroovyClassLoader.loadClass(Ljava/lang/String;Z)Ljava/lang/Class;+5
j  groovy.lang.GroovyClassLoader.loadClass(Ljava/lang/String;)Ljava/lang/Class;+3
v  ~StubRoutines::call_stub
j  skillo.history.SkilloDomainModelWithHistory.<clinit>()V+44
v  ~StubRoutines::call_stub
j  skillo.history.SkilloDomainModelWithHistory$$EOkiCoNR.___clinit___()V+55
C  0x00000000f0ae7c20
V  [jvm.dll+0x1ce283]
C  0x0000000000000001

[error occurred during error reporting (printing Java stack), id 0xc0000005]


---------------  P R O C E S S  ---------------

Java Threads: ( => current thread )
  0x000000000bfd2000 JavaThread "pool-7-thread-1" [_thread_blocked, id=3560, stack(0x00000000150e0000,0x00000000151e0000)]
=>0x000000000bfd3000 JavaThread "FileSystemWatcher: files=#25 cl=groovy.lang.GroovyClassLoader@14c8afd" daemon [_thread_in_vm, id=7616, stack(0x0000000014be0000,0x0000000014ce0000)]
  0x000000000bfd3800 JavaThread "Synchronizer (Spring UAA/1.0.1)" daemon [_thread_blocked, id=4748, stack(0x00000000152e0000,0x00000000153e0000)]
  0x000000000bfd1800 JavaThread "Thread-59" [_thread_in_native, id=6568, stack(0x00000000151e0000,0x00000000152e0000)]
  0x000000000a27b000 JavaThread "Thread-58" [_thread_in_native, id=5928, stack(0x0000000014fe0000,0x00000000150e0000)]
  0x000000000a280000 JavaThread "Thread-57" [_thread_in_native, id=6232, stack(0x00000000122c0000,0x00000000123c0000)]
  0x000000000a27e000 JavaThread "Thread-55" [_thread_in_native, id=1068, stack(0x00000000145e0000,0x00000000146e0000)]
  0x000000000b2de000 JavaThread "Synchronizer (Spring UAA/1.0.1)" daemon [_thread_blocked, id=6736, stack(0x00000000121c0000,0x00000000122c0000)]
  0x000000000b2db800 JavaThread "FileSystemWatcher: files=#23 cl=groovy.lang.GroovyClassLoader@97a7eb6" daemon [_thread_blocked, id=5300, stack(0x000000000af30000,0x000000000b030000)]
  0x000000000b2e1000 JavaThread "Synchronizer (Spring UAA/1.0.1)" daemon [_thread_blocked, id=6104, stack(0x0000000014ee0000,0x0000000014fe0000)]
  0x000000000b2dd000 JavaThread "Thread-48" [_thread_blocked, id=776, stack(0x0000000014ce0000,0x0000000014de0000)]
  0x000000000b2dc800 JavaThread "Thread-47" [_thread_in_native, id=4708, stack(0x0000000014ae0000,0x0000000014be0000)]
  0x000000000b2da000 JavaThread "Thread-46" [_thread_in_native, id=6792, stack(0x0000000010f20000,0x0000000011020000)]
  0x000000000b2df800 JavaThread "Thread-44" [_thread_in_native, id=7004, stack(0x00000000120c0000,0x00000000121c0000)]
  0x000000000b2de800 JavaThread "Synchronizer (Spring UAA/1.0.1)" daemon [_thread_blocked, id=6196, stack(0x000000000fd10000,0x000000000fe10000)]
  0x000000000b2db000 JavaThread "Synchronizer (Spring UAA/1.0.1)" daemon [_thread_blocked, id=976, stack(0x00000000149e0000,0x0000000014ae0000)]
  0x000000000bfd4800 JavaThread "Thread-38" [_thread_blocked, id=5164, stack(0x00000000148e0000,0x00000000149e0000)]
  0x000000000a27e800 JavaThread "Synchronizer (Spring UAA/1.0.1)" daemon [_thread_blocked, id=2812, stack(0x000000000fc10000,0x000000000fd10000)]
  0x000000000a27c800 JavaThread "Synchronizer (Spring UAA/1.0.1)" daemon [_thread_blocked, id=5304, stack(0x00000000147e0000,0x00000000148e0000)]
  0x000000000a27b800 JavaThread "Thread-28" [_thread_blocked, id=5088, stack(0x00000000146e0000,0x00000000147e0000)]
  0x000000000a27d000 JavaThread "Synchronizer (Spring UAA/1.0.1)" daemon [_thread_blocked, id=3380, stack(0x000000000c090000,0x000000000c190000)]
  0x000000000a281000 JavaThread "Synchronizer (Spring UAA/1.0.1)" daemon [_thread_blocked, id=3356, stack(0x00000000144e0000,0x00000000145e0000)]
  0x000000000a27f800 JavaThread "Thread-17" [_thread_blocked, id=4124, stack(0x00000000123c0000,0x00000000124c0000)]
  0x000000000a281800 JavaThread "Thread-16" daemon [_thread_blocked, id=5628, stack(0x000000000fa10000,0x000000000fb10000)]
  0x000000001141e800 JavaThread "FileSystemWatcher: files=#131 cl=java.net.URLClassLoader@ea4d285" daemon [_thread_blocked, id=5264, stack(0x000000000fe20000,0x000000000ff20000)]
  0x000000000d110800 JavaThread "FileSystemWatcher: files=#5 cl=groovy.lang.GroovyClassLoader@6a2e6e15" daemon [_thread_blocked, id=4700, stack(0x000000000fb10000,0x000000000fc10000)]
  0x000000000e359800 JavaThread "FileSystemWatcher: files=#2 cl=groovy.lang.GroovyClassLoader@78b4a5e" daemon [_thread_blocked, id=2752, stack(0x000000000f910000,0x000000000fa10000)]
  0x000000000c032000 JavaThread "Synchronizer (Spring UAA/1.0.1)" daemon [_thread_blocked, id=5728, stack(0x000000000d4a0000,0x000000000d5a0000)]
  0x000000000a994800 JavaThread "Synchronizer (Spring UAA/1.0.1)" daemon [_thread_blocked, id=3248, stack(0x000000000f580000,0x000000000f680000)]
  0x000000000b4f3000 JavaThread "NonBlockingInputStreamThread" daemon [_thread_blocked, id=1692, stack(0x000000000f810000,0x000000000f910000)]
  0x00000000089dc000 JavaThread "Service Thread" daemon [_thread_blocked, id=4844, stack(0x000000000a530000,0x000000000a630000)]
  0x00000000089e0800 JavaThread "C2 CompilerThread1" daemon [_thread_blocked, id=848, stack(0x000000000a430000,0x000000000a530000)]
  0x00000000089df800 JavaThread "C2 CompilerThread0" daemon [_thread_in_native, id=5772, stack(0x000000000a330000,0x000000000a430000)]
  0x00000000089ac000 JavaThread "Attach Listener" daemon [_thread_blocked, id=4900, stack(0x0000000009e30000,0x0000000009f30000)]
  0x00000000089a9000 JavaThread "Signal Dispatcher" daemon [_thread_blocked, id=2440, stack(0x0000000009d30000,0x0000000009e30000)]
  0x0000000008970800 JavaThread "Finalizer" daemon [_thread_blocked, id=5204, stack(0x0000000009c30000,0x0000000009d30000)]
  0x0000000008967800 JavaThread "Reference Handler" daemon [_thread_blocked, id=4216, stack(0x0000000009b30000,0x0000000009c30000)]
  0x0000000002df2800 JavaThread "main" [_thread_blocked, id=4760, stack(0x0000000002a40000,0x0000000002b40000)]

Other Threads:
  0x0000000008962800 VMThread [stack: 0x0000000009a30000,0x0000000009b30000] [id=3980]
  0x00000000089dd000 WatcherThread [stack: 0x000000000a630000,0x000000000a730000] [id=5760]

VM state:not at safepoint (normal execution)

VM Mutex/Monitor currently owned by a thread: None

Heap
 PSYoungGen      total 31744K, used 18595K [0x00000000f0000000, 0x00000000f2c00000, 0x0000000100000000)
  eden space 24064K, 54% used [0x00000000f0000000,0x00000000f0cb4d90,0x00000000f1780000)
  from space 7680K, 72% used [0x00000000f1780000,0x00000000f1cf4258,0x00000000f1f00000)
  to   space 8192K, 0% used [0x00000000f2400000,0x00000000f2400000,0x00000000f2c00000)
 ParOldGen       total 165888K, used 160807K [0x00000000d0000000, 0x00000000da200000, 0x00000000f0000000)
  object space 165888K, 96% used [0x00000000d0000000,0x00000000d9d09c78,0x00000000da200000)
 PSPermGen       total 79360K, used 66007K [0x00000000c0000000, 0x00000000c4d80000, 0x00000000d0000000)
  object space 79360K, 83% used [0x00000000c0000000,0x00000000c4075d30,0x00000000c4d80000)

Card table byte_map: [0x0000000005ef0000,0x0000000006100000] byte_map_base: 0x00000000058f0000

Polling page: 0x0000000002a00000

Code Cache  [0x0000000002ef0000, 0x0000000003ab0000, 0x0000000005ef0000)
 total_blobs=3309 nmethods=2696 adapters=563 free_code_cache=37271Kb largest_free_block=38043968

Compilation events (10 events):
Event: 113306.607 Thread 0x00000000089e0800 3082             org.springsource.loaded.MethodMember::equals (168 bytes)
Event: 113306.613 Thread 0x00000000089e0800 nmethod 3082 0x0000000003a97cd0 code [0x0000000003a97e20, 0x0000000003a98398]
Event: 113306.613 Thread 0x00000000089e0800 3083             org.springsource.loaded.TypeDescriptor::defines (50 bytes)
Event: 113306.675 Thread 0x00000000089e0800 nmethod 3083 0x0000000003a98650 code [0x0000000003a987a0, 0x0000000003a988c8]
Event: 113312.334 Thread 0x00000000089e0800 3084  s          org.apache.tools.ant.types.resources.BaseResourceCollectionContainer::isFilesystemOnly (135 bytes)
Event: 113313.418 Thread 0x00000000089e0800 nmethod 3084 0x0000000003aa1890 code [0x0000000003aa1ac0, 0x0000000003aa2d80]
Event: 113313.514 Thread 0x00000000089e0800 3085             groovy.lang.MetaClassImpl::getSuperClasses (92 bytes)
Event: 113313.533 Thread 0x00000000089e0800 nmethod 3085 0x0000000003a9ca10 code [0x0000000003a9cba0, 0x0000000003a9d018]
Event: 113314.309 Thread 0x00000000089e0800 3086             org.springsource.loaded.TypeDiffComputer::computeMethodDelta (201 bytes)
Event: 113314.451 Thread 0x00000000089e0800 nmethod 3086 0x0000000003aa5f90 code [0x0000000003aa6180, 0x0000000003aa6dd0]

GC Heap History (10 events):
Event: 113301.649 GC heap before
{Heap before GC invocations=255 (full 4):
 PSYoungGen      total 27136K, used 27136K [0x00000000f0000000, 0x00000000f1f00000, 0x0000000100000000)
  eden space 25600K, 100% used [0x00000000f0000000,0x00000000f1900000,0x00000000f1900000)
  from space 1536K, 100% used [0x00000000f1b80000,0x00000000f1d00000,0x00000000f1d00000)
  to   space 2560K, 0% used [0x00000000f1900000,0x00000000f1900000,0x00000000f1b80000)
 ParOldGen       total 165888K, used 156402K [0x00000000d0000000, 0x00000000da200000, 0x00000000f0000000)
  object space 165888K, 94% used [0x00000000d0000000,0x00000000d98bc910,0x00000000da200000)
 PSPermGen       total 79360K, used 64288K [0x00000000c0000000, 0x00000000c4d80000, 0x00000000d0000000)
  object space 79360K, 81% used [0x00000000c0000000,0x00000000c3ec8088,0x00000000c4d80000)
Event: 113301.738 GC heap after
Heap after GC invocations=255 (full 4):
 PSYoungGen      total 28160K, used 2548K [0x00000000f0000000, 0x00000000f2300000, 0x0000000100000000)
  eden space 25600K, 0% used [0x00000000f0000000,0x00000000f0000000,0x00000000f1900000)
  from space 2560K, 99% used [0x00000000f1900000,0x00000000f1b7d3a8,0x00000000f1b80000)
  to   space 5120K, 0% used [0x00000000f1e00000,0x00000000f1e00000,0x00000000f2300000)
 ParOldGen       total 165888K, used 160807K [0x00000000d0000000, 0x00000000da200000, 0x00000000f0000000)
  object space 165888K, 96% used [0x00000000d0000000,0x00000000d9d09c78,0x00000000da200000)
 PSPermGen       total 79360K, used 64288K [0x00000000c0000000, 0x00000000c4d80000, 0x00000000d0000000)
  object space 79360K, 81% used [0x00000000c0000000,0x00000000c3ec8088,0x00000000c4d80000)
}
Event: 113307.072 GC heap before
{Heap before GC invocations=256 (full 4):
 PSYoungGen      total 28160K, used 21676K [0x00000000f0000000, 0x00000000f2300000, 0x0000000100000000)
  eden space 25600K, 74% used [0x00000000f0000000,0x00000000f12adc58,0x00000000f1900000)
  from space 2560K, 99% used [0x00000000f1900000,0x00000000f1b7d3a8,0x00000000f1b80000)
  to   space 5120K, 0% used [0x00000000f1e00000,0x00000000f1e00000,0x00000000f2300000)
 ParOldGen       total 165888K, used 160807K [0x00000000d0000000, 0x00000000da200000, 0x00000000f0000000)
  object space 165888K, 96% used [0x00000000d0000000,0x00000000d9d09c78,0x00000000da200000)
 PSPermGen       total 79360K, used 65403K [0x00000000c0000000, 0x00000000c4d80000, 0x00000000d0000000)
  object space 79360K, 82% used [0x00000000c0000000,0x00000000c3fdede8,0x00000000c4d80000)
Event: 113307.144 GC heap after
Heap after GC invocations=256 (full 4):
 PSYoungGen      total 30208K, used 4494K [0x00000000f0000000, 0x00000000f2400000, 0x0000000100000000)
  eden space 25088K, 0% used [0x00000000f0000000,0x00000000f0000000,0x00000000f1880000)
  from space 5120K, 87% used [0x00000000f1e00000,0x00000000f22638f0,0x00000000f2300000)
  to   space 5632K, 0% used [0x00000000f1880000,0x00000000f1880000,0x00000000f1e00000)
 ParOldGen       total 165888K, used 160807K [0x00000000d0000000, 0x00000000da200000, 0x00000000f0000000)
  object space 165888K, 96% used [0x00000000d0000000,0x00000000d9d09c78,0x00000000da200000)
 PSPermGen       total 79360K, used 65403K [0x00000000c0000000, 0x00000000c4d80000, 0x00000000d0000000)
  object space 79360K, 82% used [0x00000000c0000000,0x00000000c3fdede8,0x00000000c4d80000)
}
Event: 113312.138 GC heap before
{Heap before GC invocations=257 (full 4):
 PSYoungGen      total 30208K, used 29531K [0x00000000f0000000, 0x00000000f2400000, 0x0000000100000000)
  eden space 25088K, 99% used [0x00000000f0000000,0x00000000f1873558,0x00000000f1880000)
  from space 5120K, 87% used [0x00000000f1e00000,0x00000000f22638f0,0x00000000f2300000)
  to   space 5632K, 0% used [0x00000000f1880000,0x00000000f1880000,0x00000000f1e00000)
 ParOldGen       total 165888K, used 160807K [0x00000000d0000000, 0x00000000da200000, 0x00000000f0000000)
  object space 165888K, 96% used [0x00000000d0000000,0x00000000d9d09c78,0x00000000da200000)
 PSPermGen       total 79360K, used 65670K [0x00000000c0000000, 0x00000000c4d80000, 0x00000000d0000000)
  object space 79360K, 82% used [0x00000000c0000000,0x00000000c4021940,0x00000000c4d80000)
Event: 113312.185 GC heap after
Heap after GC invocations=257 (full 4):
 PSYoungGen      total 30720K, used 5436K [0x00000000f0000000, 0x00000000f2580000, 0x0000000100000000)
  eden space 25088K, 0% used [0x00000000f0000000,0x00000000f0000000,0x00000000f1880000)
  from space 5632K, 96% used [0x00000000f1880000,0x00000000f1dcf188,0x00000000f1e00000)
  to   space 6656K, 0% used [0x00000000f1f00000,0x00000000f1f00000,0x00000000f2580000)
 ParOldGen       total 165888K, used 160807K [0x00000000d0000000, 0x00000000da200000, 0x00000000f0000000)
  object space 165888K, 96% used [0x00000000d0000000,0x00000000d9d09c78,0x00000000da200000)
 PSPermGen       total 79360K, used 65670K [0x00000000c0000000, 0x00000000c4d80000, 0x00000000d0000000)
  object space 79360K, 82% used [0x00000000c0000000,0x00000000c4021940,0x00000000c4d80000)
}
Event: 113313.355 GC heap before
{Heap before GC invocations=258 (full 4):
 PSYoungGen      total 30720K, used 30365K [0x00000000f0000000, 0x00000000f2580000, 0x0000000100000000)
  eden space 25088K, 99% used [0x00000000f0000000,0x00000000f1858560,0x00000000f1880000)
  from space 5632K, 96% used [0x00000000f1880000,0x00000000f1dcf188,0x00000000f1e00000)
  to   space 6656K, 0% used [0x00000000f1f00000,0x00000000f1f00000,0x00000000f2580000)
 ParOldGen       total 165888K, used 160807K [0x00000000d0000000, 0x00000000da200000, 0x00000000f0000000)
  object space 165888K, 96% used [0x00000000d0000000,0x00000000d9d09c78,0x00000000da200000)
 PSPermGen       total 79360K, used 65836K [0x00000000c0000000, 0x00000000c4d80000, 0x00000000d0000000)
  object space 79360K, 82% used [0x00000000c0000000,0x00000000c404b188,0x00000000c4d80000)
Event: 113313.417 GC heap after
Heap after GC invocations=258 (full 4):
 PSYoungGen      total 30720K, used 5520K [0x00000000f0000000, 0x00000000f2a00000, 0x0000000100000000)
  eden space 24064K, 0% used [0x00000000f0000000,0x00000000f0000000,0x00000000f1780000)
  from space 6656K, 82% used [0x00000000f1f00000,0x00000000f24641a0,0x00000000f2580000)
  to   space 7680K, 0% used [0x00000000f1780000,0x00000000f1780000,0x00000000f1f00000)
 ParOldGen       total 165888K, used 160807K [0x00000000d0000000, 0x00000000da200000, 0x00000000f0000000)
  object space 165888K, 96% used [0x00000000d0000000,0x00000000d9d09c78,0x00000000da200000)
 PSPermGen       total 79360K, used 65836K [0x00000000c0000000, 0x00000000c4d80000, 0x00000000d0000000)
  object space 79360K, 82% used [0x00000000c0000000,0x00000000c404b188,0x00000000c4d80000)
}
Event: 113313.566 GC heap before
{Heap before GC invocations=259 (full 4):
 PSYoungGen      total 30720K, used 29584K [0x00000000f0000000, 0x00000000f2a00000, 0x0000000100000000)
  eden space 24064K, 100% used [0x00000000f0000000,0x00000000f1780000,0x00000000f1780000)
  from space 6656K, 82% used [0x00000000f1f00000,0x00000000f24641a0,0x00000000f2580000)
  to   space 7680K, 0% used [0x00000000f1780000,0x00000000f1780000,0x00000000f1f00000)
 ParOldGen       total 165888K, used 160807K [0x00000000d0000000, 0x00000000da200000, 0x00000000f0000000)
  object space 165888K, 96% used [0x00000000d0000000,0x00000000d9d09c78,0x00000000da200000)
 PSPermGen       total 79360K, used 65913K [0x00000000c0000000, 0x00000000c4d80000, 0x00000000d0000000)
  object space 79360K, 83% used [0x00000000c0000000,0x00000000c405e770,0x00000000c4d80000)
Event: 113313.636 GC heap after
Heap after GC invocations=259 (full 4):
 PSYoungGen      total 31744K, used 5584K [0x00000000f0000000, 0x00000000f2c00000, 0x0000000100000000)
  eden space 24064K, 0% used [0x00000000f0000000,0x00000000f0000000,0x00000000f1780000)
  from space 7680K, 72% used [0x00000000f1780000,0x00000000f1cf4258,0x00000000f1f00000)
  to   space 8192K, 0% used [0x00000000f2400000,0x00000000f2400000,0x00000000f2c00000)
 ParOldGen       total 165888K, used 160807K [0x00000000d0000000, 0x00000000da200000, 0x00000000f0000000)
  object space 165888K, 96% used [0x00000000d0000000,0x00000000d9d09c78,0x00000000da200000)
 PSPermGen       total 79360K, used 65913K [0x00000000c0000000, 0x00000000c4d80000, 0x00000000d0000000)
  object space 79360K, 83% used [0x00000000c0000000,0x00000000c405e770,0x00000000c4d80000)
}

Deoptimization events (10 events):
Event: 113300.483 Thread 0x000000000a281800 Uncommon trap: reason=bimorphic action=maybe_recompile pc=0x0000000003827c38 method=org.codehaus.groovy.ast.ClassNode.getDeclaredMethodsMap()Ljava/util/Map; @ 28
Event: 113302.125 Thread 0x000000000bfd3000 Uncommon trap: reason=class_check action=maybe_recompile pc=0x00000000038681f8 method=sl.org.objectweb.asm.ClassReader.accept(Lsl/org/objectweb/asm/ClassVisitor;[Lsl/org/objectweb/asm/Attribute;I)V @ 1439
Event: 113302.125 Thread 0x000000000b2db800 Uncommon trap: reason=class_check action=maybe_recompile pc=0x00000000038681f8 method=sl.org.objectweb.asm.ClassReader.accept(Lsl/org/objectweb/asm/ClassVisitor;[Lsl/org/objectweb/asm/Attribute;I)V @ 1439
Event: 113305.153 Thread 0x000000000a281800 Uncommon trap: reason=unreached action=reinterpret pc=0x00000000030fc518 method=org.springsource.loaded.ri.ReflectiveInterceptor.asAccessibleMethod(Lorg/springsource/loaded/ReloadableType;Ljava/lang/reflect/Method;Ljava/lang/Object;Z)Ljava/lang/reflect/Metúnu›©û@
Event: 113305.695 Thread 0x000000000bfd3000 Uncommon trap: reason=class_check action=maybe_recompile pc=0x0000000003247588 method=org.springsource.loaded.TypeRegistry.getTypeRegistryFor(Ljava/lang/ClassLoader;)Lorg/springsource/loaded/TypeRegistry; @ 167
Event: 113305.730 Thread 0x000000000b2db800 Uncommon trap: reason=class_check action=maybe_recompile pc=0x0000000003247588 method=org.springsource.loaded.TypeRegistry.getTypeRegistryFor(Ljava/lang/ClassLoader;)Lorg/springsource/loaded/TypeRegistry; @ 167
Event: 113306.101 Thread 0x000000000b2db800 Uncommon trap: reason=class_check action=maybe_recompile pc=0x0000000003247588 method=org.springsource.loaded.TypeRegistry.getTypeRegistryFor(Ljava/lang/ClassLoader;)Lorg/springsource/loaded/TypeRegistry; @ 167
Event: 113306.181 Thread 0x000000000bfd3000 Uncommon trap: reason=class_check action=maybe_recompile pc=0x0000000003247588 method=org.springsource.loaded.TypeRegistry.getTypeRegistryFor(Ljava/lang/ClassLoader;)Lorg/springsource/loaded/TypeRegistry; @ 167
Event: 113314.309 Thread 0x000000000bfd3000 Uncommon trap: reason=unreached action=reinterpret pc=0x0000000002fb4298 method=java.lang.ClassLoader.checkName(Ljava/lang/String;)Z @ 1
Event: 113314.309 Thread 0x000000000b2db800 Uncommon trap: reason=unreached action=reinterpret pc=0x0000000002fb4298 method=java.lang.ClassLoader.checkName(Ljava/lang/String;)Z @ 1

Internal exceptions (10 events):
Event: 113314.337 Thread 0x000000000b2db800 Threw 0x00000000f0adae58 at C:\re\jdk7u65\1313\hotspot\src\share\vm\classfile\systemDictionary.cpp:185
Event: 113314.337 Thread 0x000000000b2db800 Threw 0x00000000f0aed9c0 at C:\re\jdk7u65\1313\hotspot\src\share\vm\prims\jvm.cpp:1244
Event: 113314.337 Thread 0x000000000b2db800 Threw 0x00000000f0aee0f8 at C:\re\jdk7u65\1313\hotspot\src\share\vm\prims\jvm.cpp:1244
Event: 113314.337 Thread 0x000000000b2db800 Threw 0x00000000f0aeeac8 at C:\re\jdk7u65\1313\hotspot\src\share\vm\prims\jvm.cpp:1244
Event: 113314.338 Thread 0x000000000b2db800 Threw 0x00000000f0afba90 at C:\re\jdk7u65\1313\hotspot\src\share\vm\prims\jvm.cpp:1244
Event: 113314.338 Thread 0x000000000b2db800 Threw 0x00000000f0b08660 at C:\re\jdk7u65\1313\hotspot\src\share\vm\prims\jvm.cpp:1244
Event: 113314.338 Thread 0x000000000b2db800 Threw 0x00000000f0b08d98 at C:\re\jdk7u65\1313\hotspot\src\share\vm\prims\jvm.cpp:1244
Event: 113314.338 Thread 0x000000000b2db800 Threw 0x00000000f0b09768 at C:\re\jdk7u65\1313\hotspot\src\share\vm\prims\jvm.cpp:1244
Event: 113314.338 Thread 0x000000000b2db800 Threw 0x00000000f0b0e248 at C:\re\jdk7u65\1313\hotspot\src\share\vm\prims\jvm.cpp:1244
Event: 113314.338 Thread 0x000000000b2db800 Threw 0x00000000f0b0e4f8 at C:\re\jdk7u65\1313\hotspot\src\share\vm\classfile\systemDictionary.cpp:185

Events (10 events):
Event: 113314.337 loading class 0x000000000b51e400
Event: 113314.337 loading class 0x000000000b51e400 done
Event: 113314.337 loading class 0x000000000b1da390
Event: 113314.337 loading class 0x000000000b1da390 done
Event: 113314.337 loading class 0x000000000b51e400
Event: 113314.337 loading class 0x000000000b51e400 done
Event: 113314.338 loading class 0x000000000b51e400
Event: 113314.338 loading class 0x000000000b51e400 done
Event: 113314.338 loading class 0x000000000b51e400
Event: 113314.338 loading class 0x000000000b51e400 done


Dynamic libraries:
0x000007f60c6d0000 - 0x000007f60c703000 	C:\Program Files\Java\jdk1.7.0_65\bin\java.exe
0x000007f917c00000 - 0x000007f917dbe000 	C:\WINDOWS\SYSTEM32\ntdll.dll
0x000007f9171b0000 - 0x000007f9172e6000 	C:\WINDOWS\system32\KERNEL32.DLL
0x000007f914c50000 - 0x000007f914d43000 	C:\WINDOWS\system32\KERNELBASE.dll
0x000007f916b40000 - 0x000007f916c1e000 	C:\WINDOWS\system32\ADVAPI32.dll
0x000007f9172f0000 - 0x000007f91743c000 	C:\WINDOWS\system32\USER32.dll
0x000007f90c970000 - 0x000007f90cbd9000 	C:\WINDOWS\WinSxS\amd64_microsoft.windows.common-controls_6595b64144ccf1df_6.0.9200.16384_none_418c2a697189c07f\COMCTL32.dll
0x000007f916730000 - 0x000007f9167d5000 	C:\WINDOWS\system32\msvcrt.dll
0x000007f917160000 - 0x000007f9171a8000 	C:\WINDOWS\SYSTEM32\sechost.dll
0x000007f917a00000 - 0x000007f917b40000 	C:\WINDOWS\system32\RPCRT4.dll
0x000007f917020000 - 0x000007f917160000 	C:\WINDOWS\system32\GDI32.dll
0x000007f9166f0000 - 0x000007f916729000 	C:\WINDOWS\system32\IMM32.DLL
0x000007f9178e0000 - 0x000007f9179f4000 	C:\WINDOWS\system32\MSCTF.dll
0x00000000647b0000 - 0x0000000064882000 	C:\Program Files\Java\jdk1.7.0_65\jre\bin\msvcr100.dll
0x0000000063fd0000 - 0x00000000647a2000 	C:\Program Files\Java\jdk1.7.0_65\jre\bin\server\jvm.dll
0x000007f912c40000 - 0x000007f912c49000 	C:\WINDOWS\SYSTEM32\WSOCK32.dll
0x000007f90c5e0000 - 0x000007f90c600000 	C:\WINDOWS\SYSTEM32\WINMM.dll
0x000007f9166e0000 - 0x000007f9166e7000 	C:\WINDOWS\system32\PSAPI.DLL
0x000007f917650000 - 0x000007f9176a8000 	C:\WINDOWS\system32\WS2_32.dll
0x000007f907290000 - 0x000007f9072c2000 	C:\WINDOWS\SYSTEM32\WINMMBASE.dll
0x000007f917bf0000 - 0x000007f917bf9000 	C:\WINDOWS\system32\NSI.dll
0x0000000063fc0000 - 0x0000000063fcf000 	C:\Program Files\Java\jdk1.7.0_65\jre\bin\verify.dll
0x0000000063f90000 - 0x0000000063fb8000 	C:\Program Files\Java\jdk1.7.0_65\jre\bin\java.dll
0x0000000063f60000 - 0x0000000063f83000 	C:\Program Files\Java\jdk1.7.0_65\jre\bin\instrument.dll
0x0000000063f40000 - 0x0000000063f55000 	C:\Program Files\Java\jdk1.7.0_65\jre\bin\zip.dll
0x000007f9143e0000 - 0x000007f9143fa000 	C:\WINDOWS\SYSTEM32\CRYPTSP.dll
0x000007f914060000 - 0x000007f9140a9000 	C:\WINDOWS\system32\rsaenh.dll
0x000007f914160000 - 0x000007f91417f000 	C:\WINDOWS\SYSTEM32\USERENV.dll
0x000007f914b30000 - 0x000007f914b45000 	C:\WINDOWS\SYSTEM32\profapi.dll
0x000007f914970000 - 0x000007f91497a000 	C:\WINDOWS\SYSTEM32\CRYPTBASE.dll
0x000007f914910000 - 0x000007f91496c000 	C:\WINDOWS\SYSTEM32\bcryptPrimitives.dll
0x0000000063f20000 - 0x0000000063f39000 	C:\Program Files\Java\jdk1.7.0_65\jre\bin\net.dll
0x000007f914380000 - 0x000007f9143dc000 	C:\WINDOWS\system32\mswsock.dll
0x000007f90f5d0000 - 0x000007f90f5fc000 	C:\WINDOWS\SYSTEM32\IPHLPAPI.DLL
0x000007f90f440000 - 0x000007f90f44a000 	C:\WINDOWS\SYSTEM32\WINNSI.DLL
0x000007f90ee90000 - 0x000007f90eea3000 	C:\WINDOWS\SYSTEM32\dhcpcsvc6.DLL
0x000007f90ee10000 - 0x000007f90ee28000 	C:\WINDOWS\SYSTEM32\dhcpcsvc.DLL
0x0000000063f00000 - 0x0000000063f11000 	C:\Program Files\Java\jdk1.7.0_65\jre\bin\nio.dll
0x000007f912b30000 - 0x000007f912b3a000 	C:\Users\Andrei-PC\AppData\Local\Temp\jansi-64-1882642545862632678.dll
0x0000000063ed0000 - 0x0000000063ef4000 	C:\Program Files\Java\jdk1.7.0_65\jre\bin\sunec.dll
0x0000000063ec0000 - 0x0000000063ecb000 	C:\Program Files\Java\jdk1.7.0_65\jre\bin\sunmscapi.dll
0x000007f914d80000 - 0x000007f914f57000 	C:\WINDOWS\system32\CRYPT32.dll
0x000007f914be0000 - 0x000007f914bf6000 	C:\WINDOWS\system32\MSASN1.dll
0x000007f9141c0000 - 0x000007f914258000 	C:\WINDOWS\SYSTEM32\DNSAPI.dll
0x000007f90ebc0000 - 0x000007f90ebc8000 	C:\Windows\System32\rasadhlp.dll
0x000007f90ed40000 - 0x000007f90ed9f000 	C:\WINDOWS\System32\fwpuclnt.dll
0x000007f912210000 - 0x000007f912373000 	C:\WINDOWS\SYSTEM32\dbghelp.dll

VM Arguments:
jvm_args: -Xmx768M -Xms64M -XX:PermSize=32m -XX:MaxPermSize=256m -Dfile.encoding=UTF-8 -javaagent:F:/skill0/grails-2.3.7/lib/org.springframework/springloaded/jars/springloaded-1.1.5.RELEASE.jar -Xverify:none -Dspringloaded=""profile=grails;cacheDir=F:\Users\Andrei-PC/.grails/2.3.7/" -Dprogram.name= -Dgrails.home=F:\skill0\grails-2.3.7 -Dgrails.version=2.3.7 -Dbase.dir=. -Dtools.jar=C:\Program Files\Java\jdk1.7.0_65\lib\tools.jar -Dgroovy.starter.conf=F:\skill0\grails-2.3.7\conf\groovy-starter.conf 
java_command: org.codehaus.groovy.grails.cli.support.GrailsStarter --main org.codehaus.groovy.grails.cli.support.GrailsStarter --conf F:\skill0\grails-2.3.7\conf\groovy-starter.conf --classpath  
Launcher Type: SUN_STANDARD

Environment Variables:
JAVA_HOME=C:\Program Files\Java\jdk1.7.0_65
PATH=C:\WINDOWS\system32;C:\WINDOWS;C:\WINDOWS\System32\Wbem;F:\skill0\grails-2.3.7\bin;JAVA_HOME\bin;C:\WINDOWS\System32\WindowsPowerShell\v1.0\
USERNAME=Andrei-PC
OS=Windows_NT
PROCESSOR_IDENTIFIER=Intel64 Family 6 Model 58 Stepping 9, GenuineIntel



---------------  S Y S T E M  ---------------

OS: Windows 8 , 64 bit Build 9200 

CPU:total 4 (2 cores per cpu, 2 threads per core) family 6 model 58 stepping 9, cmov, cx8, fxsr, mmx, sse, sse2, sse3, ssse3, sse4.1, sse4.2, popcnt, avx, aes, erms, ht, tsc, tscinvbit, tscinv

Memory: 4k page, physical 8271672k(2553652k free), swap 13248520k(4401944k free)

vm_info: Java HotSpot(TM) 64-Bit Server VM (24.65-b04) for windows-amd64 JRE (1.7.0_65-b19), built on Jul  9 2014 17:47:07 by "java_re" with unknown MS VC++:1600

time: Mon Jul 21 20:49:51 2014
elapsed time: 113316 seconds

